<?xml version="1.0" encoding="UTF-8"?>
<testng-results ignored="0" total="1" passed="1" failed="0" skipped="0">
  <reporter-output>
  </reporter-output>
  <suite started-at="2023-11-04T17:37:20 IST" name="Default suite" finished-at="2023-11-04T17:37:25 IST" duration-ms="4771">
    <groups>
    </groups>
    <test started-at="2023-11-04T17:37:20 IST" name="Default test" finished-at="2023-11-04T17:37:25 IST" duration-ms="4771">
      <class name="testng.disabled">
        <test-method signature="disabled()[pri:0, instance:testng.disabled@53fb3dab]" started-at="2023-11-04T17:37:20 IST" name="disabled" finished-at="2023-11-04T17:37:25 IST" duration-ms="4719" status="PASS">
          <reporter-output>
          </reporter-output>
        </test-method> <!-- disabled -->
      </class> <!-- testng.disabled -->
    </test> <!-- Default test -->
  </suite> <!-- Default suite -->
</testng-results>
