<?xml version="1.0" encoding="UTF-8"?>
<!-- Generated by org.testng.reporters.JUnitXMLReporter -->
<testsuite ignored="0" hostname="Manoj_Kumar_M" failures="0" tests="3" name="Test" time="27.658" errors="0" timestamp="2023-12-22T15:52:32 IST">
  <testcase classname="testscripts.AddAddressTest" name="addAddressTest" time="0.02"/>
  <testcase classname="testscripts.DeleteAddressTest" name="deleteAddressTest" time="0.006"/>
  <testcase classname="testscripts.UpdateAddressTest" name="updateAddressTest" time="0.002"/>
</testsuite> <!-- Test -->
