<?xml version="1.0" encoding="UTF-8"?>
<testng-results ignored="0" total="2" passed="2" failed="0" skipped="0">
  <reporter-output>
    <line>
      <![CDATA[Navigated to Application Successfully]]>
    </line>
    <line>
      <![CDATA[Navigated to Application Successfully]]>
    </line>
    <line>
      <![CDATA[Logged in Successfully]]>
    </line>
    <line>
      <![CDATA[Address Deleted Successfully]]>
    </line>
    <line>
      <![CDATA[Logged in Successfully]]>
    </line>
    <line>
      <![CDATA[Address Deleted Successfully]]>
    </line>
    <line>
      <![CDATA[Logged out Successfully]]>
    </line>
    <line>
      <![CDATA[Browser closed Successfully]]>
    </line>
    <line>
      <![CDATA[Logged out Successfully]]>
    </line>
    <line>
      <![CDATA[Browser closed Successfully]]>
    </line>
  </reporter-output>
  <suite started-at="2023-12-22T16:04:02 IST" name="Suite" finished-at="2023-12-22T16:04:19 IST" duration-ms="16978">
    <groups>
      <group name="Smoke">
        <method signature="DeleteAddressTest.deleteAddressTest()[pri:0, instance:testscripts.DeleteAddressTest@303cf2ba]" name="deleteAddressTest" class="testscripts.DeleteAddressTest"/>
        <method signature="DeleteAddressTest.deleteAddressTest()[pri:0, instance:testscripts.DeleteAddressTest@15a34df2]" name="deleteAddressTest" class="testscripts.DeleteAddressTest"/>
      </group> <!-- Smoke -->
    </groups>
    <test started-at="2023-12-22T16:04:02 IST" name="EdgeTest" finished-at="2023-12-22T16:04:18 IST" duration-ms="16344">
      <class name="testscripts.DeleteAddressTest">
        <test-method is-config="true" signature="openBrowser(java.lang.String)[pri:0, instance:testscripts.DeleteAddressTest@15a34df2]" started-at="2023-12-22T16:04:02 IST" name="openBrowser" finished-at="2023-12-22T16:04:08 IST" duration-ms="6019" status="PASS">
          <params>
            <param index="0">
              <value>
                <![CDATA[Edge]]>
              </value>
            </param>
          </params>
          <reporter-output>
            <line>
              <![CDATA[Navigated to Application Successfully]]>
            </line>
          </reporter-output>
        </test-method> <!-- openBrowser -->
        <test-method is-config="true" signature="login()[pri:0, instance:testscripts.DeleteAddressTest@15a34df2]" started-at="2023-12-22T16:04:08 IST" name="login" finished-at="2023-12-22T16:04:14 IST" duration-ms="6073" status="PASS">
          <reporter-output>
            <line>
              <![CDATA[Logged in Successfully]]>
            </line>
          </reporter-output>
        </test-method> <!-- login -->
        <test-method signature="deleteAddressTest()[pri:0, instance:testscripts.DeleteAddressTest@15a34df2]" started-at="2023-12-22T16:04:14 IST" name="deleteAddressTest" finished-at="2023-12-22T16:04:14 IST" duration-ms="15" status="PASS">
          <reporter-output>
            <line>
              <![CDATA[Address Deleted Successfully]]>
            </line>
          </reporter-output>
        </test-method> <!-- deleteAddressTest -->
        <test-method is-config="true" signature="logout()[pri:0, instance:testscripts.DeleteAddressTest@15a34df2]" started-at="2023-12-22T16:04:14 IST" name="logout" finished-at="2023-12-22T16:04:17 IST" duration-ms="3470" status="PASS">
          <reporter-output>
            <line>
              <![CDATA[Logged out Successfully]]>
            </line>
          </reporter-output>
        </test-method> <!-- logout -->
        <test-method is-config="true" signature="closeBrowser()[pri:0, instance:testscripts.DeleteAddressTest@15a34df2]" started-at="2023-12-22T16:04:17 IST" name="closeBrowser" finished-at="2023-12-22T16:04:18 IST" duration-ms="708" status="PASS">
          <reporter-output>
            <line>
              <![CDATA[Browser closed Successfully]]>
            </line>
          </reporter-output>
        </test-method> <!-- closeBrowser -->
      </class> <!-- testscripts.DeleteAddressTest -->
    </test> <!-- EdgeTest -->
    <test started-at="2023-12-22T16:04:02 IST" name="ChromeTest" finished-at="2023-12-22T16:04:19 IST" duration-ms="16978">
      <class name="testscripts.DeleteAddressTest">
        <test-method is-config="true" signature="openBrowser(java.lang.String)[pri:0, instance:testscripts.DeleteAddressTest@303cf2ba]" started-at="2023-12-22T16:04:02 IST" name="openBrowser" finished-at="2023-12-22T16:04:07 IST" duration-ms="5720" status="PASS">
          <params>
            <param index="0">
              <value>
                <![CDATA[Chrome]]>
              </value>
            </param>
          </params>
          <reporter-output>
            <line>
              <![CDATA[Navigated to Application Successfully]]>
            </line>
          </reporter-output>
        </test-method> <!-- openBrowser -->
        <test-method is-config="true" signature="login()[pri:0, instance:testscripts.DeleteAddressTest@303cf2ba]" started-at="2023-12-22T16:04:07 IST" name="login" finished-at="2023-12-22T16:04:14 IST" duration-ms="6518" status="PASS">
          <reporter-output>
            <line>
              <![CDATA[Logged in Successfully]]>
            </line>
          </reporter-output>
        </test-method> <!-- login -->
        <test-method signature="deleteAddressTest()[pri:0, instance:testscripts.DeleteAddressTest@303cf2ba]" started-at="2023-12-22T16:04:14 IST" name="deleteAddressTest" finished-at="2023-12-22T16:04:14 IST" duration-ms="12" status="PASS">
          <reporter-output>
            <line>
              <![CDATA[Address Deleted Successfully]]>
            </line>
          </reporter-output>
        </test-method> <!-- deleteAddressTest -->
        <test-method is-config="true" signature="logout()[pri:0, instance:testscripts.DeleteAddressTest@303cf2ba]" started-at="2023-12-22T16:04:14 IST" name="logout" finished-at="2023-12-22T16:04:18 IST" duration-ms="4074" status="PASS">
          <reporter-output>
            <line>
              <![CDATA[Logged out Successfully]]>
            </line>
          </reporter-output>
        </test-method> <!-- logout -->
        <test-method is-config="true" signature="closeBrowser()[pri:0, instance:testscripts.DeleteAddressTest@303cf2ba]" started-at="2023-12-22T16:04:18 IST" name="closeBrowser" finished-at="2023-12-22T16:04:19 IST" duration-ms="604" status="PASS">
          <reporter-output>
            <line>
              <![CDATA[Browser closed Successfully]]>
            </line>
          </reporter-output>
        </test-method> <!-- closeBrowser -->
      </class> <!-- testscripts.DeleteAddressTest -->
    </test> <!-- ChromeTest -->
  </suite> <!-- Suite -->
</testng-results>
