<?xml version="1.0" encoding="UTF-8"?>
<testng-results ignored="0" total="1" passed="1" failed="0" skipped="0">
  <reporter-output>
  </reporter-output>
  <suite started-at="2023-06-15T17:56:25 IST" name="Default suite" finished-at="2023-06-15T17:56:33 IST" duration-ms="7364">
    <groups>
    </groups>
    <test started-at="2023-06-15T17:56:25 IST" name="Default test" finished-at="2023-06-15T17:56:33 IST" duration-ms="7364">
      <class name="com.testCases.SearchTest">
        <test-method is-config="true" signature="browser_Setup()[pri:0, instance:com.testCases.SearchTest@6d3a388c]" started-at="2023-06-15T17:56:25 IST" name="browser_Setup" finished-at="2023-06-15T17:56:31 IST" duration-ms="6041" status="PASS">
          <reporter-output>
          </reporter-output>
        </test-method> <!-- browser_Setup -->
        <test-method signature="search()[pri:0, instance:com.testCases.SearchTest@6d3a388c]" started-at="2023-06-15T17:56:31 IST" name="search" finished-at="2023-06-15T17:56:33 IST" duration-ms="1149" status="PASS">
          <reporter-output>
          </reporter-output>
        </test-method> <!-- search -->
        <test-method is-config="true" signature="browser_Close()[pri:0, instance:com.testCases.SearchTest@6d3a388c]" started-at="2023-06-15T17:56:33 IST" name="browser_Close" finished-at="2023-06-15T17:56:33 IST" duration-ms="119" status="PASS">
          <reporter-output>
          </reporter-output>
        </test-method> <!-- browser_Close -->
      </class> <!-- com.testCases.SearchTest -->
    </test> <!-- Default test -->
  </suite> <!-- Default suite -->
</testng-results>
